<?xml version="1.0"?>
<!DOCTYPE coverage SYSTEM "http://cobertura.sourceforge.net/xml/coverage-04.dtd">

<coverage line-rate="0.0" branch-rate="1.0" lines-covered="0" lines-valid="26" branches-covered="0" branches-valid="0" complexity="1.0" version="1.9.4.1" timestamp="1351251093938">
	<sources>
		<source>--source</source>
		<source>D:/Cursos/Spring-Maven/workspace1/PersistenciaHibernate/src</source>
	</sources>
	<packages>
		<package name="com.aeat.portalparejas.persistencia.dao" line-rate="0.0" branch-rate="1.0" complexity="1.0">
			<classes>
				<class name="com.aeat.portalparejas.persistencia.dao.PersonaDaoHibernateImpl" filename="com/aeat/portalparejas/persistencia/dao/PersonaDaoHibernateImpl.java" line-rate="0.0" branch-rate="1.0" complexity="1.0">
					<methods>
						<method name="&lt;init&gt;" signature="()V" line-rate="0.0" branch-rate="1.0">
							<lines>
								<line number="13" hits="0" branch="false"/>
							</lines>
						</method>
						<method name="borrar" signature="(Lcom/aeat/portalparejas/modelo/entidades/Persona;)V" line-rate="0.0" branch-rate="1.0">
							<lines>
								<line number="28" hits="0" branch="false"/>
								<line number="29" hits="0" branch="false"/>
								<line number="30" hits="0" branch="false"/>
								<line number="31" hits="0" branch="false"/>
								<line number="32" hits="0" branch="false"/>
							</lines>
						</method>
						<method name="borrarById" signature="(J)V" line-rate="0.0" branch-rate="1.0">
							<lines>
								<line number="56" hits="0" branch="false"/>
							</lines>
						</method>
						<method name="getAll" signature="()Ljava/util/Collection;" line-rate="0.0" branch-rate="1.0">
							<lines>
								<line number="36" hits="0" branch="false"/>
								<line number="37" hits="0" branch="false"/>
								<line number="38" hits="0" branch="false"/>
								<line number="39" hits="0" branch="false"/>
								<line number="40" hits="0" branch="false"/>
							</lines>
						</method>
						<method name="getById" signature="(J)Lcom/aeat/portalparejas/modelo/entidades/Persona;" line-rate="0.0" branch-rate="1.0">
							<lines>
								<line number="45" hits="0" branch="false"/>
								<line number="46" hits="0" branch="false"/>
								<line number="47" hits="0" branch="false"/>
								<line number="48" hits="0" branch="false"/>
								<line number="49" hits="0" branch="false"/>
							</lines>
						</method>
						<method name="getSessionFactory" signature="()Lorg/hibernate/SessionFactory;" line-rate="0.0" branch-rate="1.0">
							<lines>
								<line number="65" hits="0" branch="false"/>
							</lines>
						</method>
						<method name="insertar" signature="(Lcom/aeat/portalparejas/modelo/entidades/Persona;)J" line-rate="0.0" branch-rate="1.0">
							<lines>
								<line number="19" hits="0" branch="false"/>
								<line number="20" hits="0" branch="false"/>
								<line number="21" hits="0" branch="false"/>
								<line number="22" hits="0" branch="false"/>
								<line number="23" hits="0" branch="false"/>
							</lines>
						</method>
						<method name="setDataSource" signature="(Ljavax/sql/DataSource;)V" line-rate="0.0" branch-rate="1.0">
							<lines>
								<line number="62" hits="0" branch="false"/>
							</lines>
						</method>
						<method name="setSessionFactory" signature="(Lorg/hibernate/SessionFactory;)V" line-rate="0.0" branch-rate="1.0">
							<lines>
								<line number="69" hits="0" branch="false"/>
								<line number="70" hits="0" branch="false"/>
							</lines>
						</method>
					</methods>
					<lines>
						<line number="13" hits="0" branch="false"/>
						<line number="19" hits="0" branch="false"/>
						<line number="20" hits="0" branch="false"/>
						<line number="21" hits="0" branch="false"/>
						<line number="22" hits="0" branch="false"/>
						<line number="23" hits="0" branch="false"/>
						<line number="28" hits="0" branch="false"/>
						<line number="29" hits="0" branch="false"/>
						<line number="30" hits="0" branch="false"/>
						<line number="31" hits="0" branch="false"/>
						<line number="32" hits="0" branch="false"/>
						<line number="36" hits="0" branch="false"/>
						<line number="37" hits="0" branch="false"/>
						<line number="38" hits="0" branch="false"/>
						<line number="39" hits="0" branch="false"/>
						<line number="40" hits="0" branch="false"/>
						<line number="45" hits="0" branch="false"/>
						<line number="46" hits="0" branch="false"/>
						<line number="47" hits="0" branch="false"/>
						<line number="48" hits="0" branch="false"/>
						<line number="49" hits="0" branch="false"/>
						<line number="56" hits="0" branch="false"/>
						<line number="62" hits="0" branch="false"/>
						<line number="65" hits="0" branch="false"/>
						<line number="69" hits="0" branch="false"/>
						<line number="70" hits="0" branch="false"/>
					</lines>
				</class>
			</classes>
		</package>
	</packages>
</coverage>
